 steps= 0
 steps= 1
 steps= 7
 steps= 2
 steps= 5
 steps= 8
 steps= 16
 steps= 3
 steps= 19
 steps= 6
 steps= 14
 steps= 9
 steps= 9
 steps= 17
 steps= 17
 steps= 4
 steps= 12
 steps= 20
 steps= 20
 steps= 7
 steps= 7
 steps= 15
 steps= 15
 steps= 10
 steps= 23
 steps= 10
 steps= 111
 steps= 18
 steps= 18
 steps= 18
 steps= 106
 steps= 5
 steps= 26
 steps= 13
 steps= 13
 steps= 21
 steps= 21
 steps= 21
 steps= 34
 steps= 8
 steps= 109
 steps= 8
 steps= 29
 steps= 16
 steps= 16
 steps= 16
 steps= 104
 steps= 11
 steps= 24
 steps= 24
 steps= 24
 steps= 11
 steps= 11
 steps= 112
 steps= 112
 steps= 19
 steps= 32
 steps= 19
 steps= 32
 steps= 19
 steps= 19
 steps= 107
 steps= 107
 steps= 6
 steps= 27
 steps= 27
 steps= 27
 steps= 14
 steps= 14
 steps= 14
 steps= 102
 steps= 22
 steps= 115
 steps= 22
 steps= 14
 steps= 22
 steps= 22
 steps= 35
 steps= 35
 steps= 9
 steps= 22
 steps= 110
 steps= 110
 steps= 9
 steps= 9
 steps= 30
 steps= 30
 steps= 17
 steps= 30
 steps= 17
 steps= 92
 steps= 17
 steps= 17
 steps= 105
 steps= 105
 steps= 12
 steps= 118
 steps= 25
 steps= 25
 steps= 25
 steps= 25
 steps= 25
 steps= 87
 steps= 12
 steps= 38
 steps= 12
 steps= 100
 steps= 113
 steps= 113
 steps= 113
 steps= 69
 steps= 20
 steps= 12
 steps= 33
 steps= 33
 steps= 20
 steps= 20
 steps= 33
 steps= 33
 steps= 20
 steps= 95
 steps= 20
 steps= 46
 steps= 108
 steps= 108
 steps= 108
 steps= 46
 steps= 7
 steps= 121
 steps= 28
 steps= 28
 steps= 28
 steps= 28
 steps= 28
 steps= 41
 steps= 15
 steps= 90
 steps= 15
 steps= 41
 steps= 15
 steps= 15
 steps= 103
 steps= 103
 steps= 23
 steps= 116
 steps= 116
 steps= 116
 steps= 23
 steps= 23
 steps= 15
 steps= 15
 steps= 23
 steps= 36
 steps= 23
 steps= 85
 steps= 36
 steps= 36
 steps= 36
 steps= 54
 steps= 10
 steps= 98
 steps= 23
 steps= 23
 steps= 111
 steps= 111
 steps= 111
 steps= 67
 steps= 10
 steps= 49
 steps= 10
 steps= 124
 steps= 31
 steps= 31
 steps= 31
 steps= 80
 steps= 18
 steps= 31
 steps= 31
 steps= 31
 steps= 18
 steps= 18
 steps= 93
 steps= 93
 steps= 18
 steps= 44
 steps= 18
 steps= 44
 steps= 106
 steps= 106
 steps= 106
 steps= 44
 steps= 13
 steps= 119
 steps= 119
 steps= 119
 steps= 26
 steps= 26
 steps= 26
 steps= 119
 steps= 26
 steps= 18
 steps= 26
 steps= 39
 steps= 26
 steps= 26
 steps= 88
 steps= 88
 steps= 13
 steps= 39
 steps= 39
 steps= 39
 steps= 13
 steps= 13
 steps= 101
 steps= 101
 steps= 114
 steps= 26
 steps= 114
 steps= 52
 steps= 114
 steps= 114
 steps= 70
 steps= 70
 steps= 21
 steps= 52
 steps= 13
 steps= 13
 steps= 34
 steps= 34
 steps= 34
 steps= 127
 steps= 21
 steps= 83
 steps= 21
 steps= 127
 steps= 34
 steps= 34
 steps= 34
 steps= 52
 steps= 21
 steps= 21
 steps= 96
 steps= 96
 steps= 21
 steps= 21
 steps= 47
 steps= 47
 steps= 109
 steps= 47
 steps= 109
 steps= 65
 steps= 109
 steps= 109
 steps= 47
 steps= 47
 steps= 8
 steps= 122
 steps= 122
 steps= 122
 steps= 29
 steps= 29
 steps= 29
 steps= 78
 steps= 29
 steps= 122
 steps= 29
 steps= 21
 steps= 29
 steps= 29
 steps= 42
 steps= 42
 steps= 16
 steps= 29
 steps= 91
 steps= 91
 steps= 16
 steps= 16
 steps= 42
 steps= 42
 steps= 16
 steps= 42
 steps= 16
 steps= 60
 steps= 104
 steps= 104
 steps= 104
 steps= 42
 steps= 24
 steps= 29
 steps= 117
 steps= 117
 steps= 117
 steps= 117
 steps= 117
 steps= 55
 steps= 24
 steps= 73
 steps= 24
 steps= 117
 steps= 16
 steps= 16
 steps= 16
 steps= 42
 steps= 24
 steps= 37
 steps= 37
 steps= 37
 steps= 24
 steps= 24
 steps= 86
 steps= 86
 steps= 37
 steps= 130
 steps= 37
 steps= 37
 steps= 37
 steps= 37
 steps= 55
 steps= 55
 steps= 11
 steps= 24
 steps= 99
 steps= 99
 steps= 24
 steps= 24
 steps= 24
 steps= 143
 steps= 112
 steps= 50
 steps= 112
 steps= 24
 steps= 112
 steps= 112
 steps= 68
 steps= 68
 steps= 11
 steps= 112
 steps= 50
 steps= 50
 steps= 11
 steps= 11
 steps= 125
 steps= 125
 steps= 32
 steps= 125
 steps= 32
 steps= 125
 steps= 32
 steps= 32
 steps= 81
 steps= 81
 steps= 19
 steps= 125
 steps= 32
 steps= 32
 steps= 32
 steps= 32
 steps= 32
 steps= 50
 steps= 19
 steps= 45
 steps= 19
 steps= 45
 steps= 94
 steps= 94
 steps= 94
 steps= 45
 steps= 19
 steps= 19
 steps= 45
 steps= 45
 steps= 19
 steps= 19
 steps= 45
 steps= 45
 steps= 107
 steps= 63
 steps= 107
 steps= 58
 steps= 107
 steps= 107
 steps= 45
 steps= 45
 steps= 14
 steps= 32
 steps= 120
 steps= 120
 steps= 120
 steps= 120
 steps= 120
 steps= 120
 steps= 27
 steps= 58
 steps= 27
 steps= 76
 steps= 27
 steps= 27
 steps= 120
 steps= 120
 steps= 27
 steps= 19
 steps= 19
 steps= 19
 steps= 27
 steps= 27
 steps= 40
 steps= 40
 steps= 27
 steps= 40
 steps= 27
 steps= 133
 steps= 89
 steps= 89
 steps= 89
 steps= 133
 steps= 14
 steps= 133
 steps= 40
 steps= 40
 steps= 40
 steps= 40
 steps= 40
 steps= 32
 steps= 14
 steps= 58
 steps= 14
 steps= 53
 steps= 102
 steps= 102
 steps= 102
 steps= 40
 steps= 115
 steps= 27
 steps= 27
 steps= 27
 steps= 115
 steps= 115
 steps= 53
 steps= 53
 steps= 115
 steps= 27
 steps= 115
 steps= 53
 steps= 71
 steps= 71
 steps= 71
 steps= 97
 steps= 22
 steps= 115
 steps= 53
 steps= 53
 steps= 14
 steps= 14
 steps= 14
 steps= 40
 steps= 35
 steps= 128
 steps= 35
 steps= 128
 steps= 35
 steps= 35
 steps= 128
 steps= 128
 steps= 22
 steps= 35
 steps= 84
 steps= 84
 steps= 22
 steps= 22
 steps= 128
 steps= 128
 steps= 35
 steps= 35
 steps= 35
 steps= 27
 steps= 35
 steps= 35
 steps= 53
 steps= 53
 steps= 22
 steps= 48
 steps= 22
 steps= 22
 steps= 97
 steps= 97
 steps= 97
 steps= 141
 steps= 22
 steps= 48
 steps= 22
 steps= 141
 steps= 48
 steps= 48
 steps= 48
 steps= 97
 steps= 110
 steps= 22
 steps= 48
 steps= 48
 steps= 110
 steps= 110
 steps= 66
 steps= 66
 steps= 110
 steps= 61
 steps= 110
 steps= 35
 steps= 48
 steps= 48
 steps= 48
 steps= 61
 steps= 9
 steps= 35
 steps= 123
 steps= 123
 steps= 123
 steps= 123
 steps= 123
 steps= 61
 steps= 30
 steps= 123
 steps= 30
 steps= 123
 steps= 30
 steps= 30
 steps= 79
 steps= 79
 steps= 30
 steps= 30
 steps= 123
 steps= 123
 steps= 30
 steps= 30
 steps= 22
 steps= 22
 steps= 30
 steps= 22
 steps= 30
 steps= 48
 steps= 43
 steps= 43
 steps= 43
 steps= 136
 steps= 17
 steps= 43
 steps= 30
 steps= 30
 steps= 92
 steps= 92
 steps= 92
 steps= 43
 steps= 17
 steps= 136
 steps= 17
 steps= 30
 steps= 43
 steps= 43
 steps= 43
 steps= 87
 steps= 17
 steps= 43
 steps= 43
 steps= 43
 steps= 17
 steps= 17
 steps= 61
 steps= 61
 steps= 105
 steps= 56
 steps= 105
 steps= 30
 steps= 105
 steps= 105
 steps= 43
 steps= 43
 steps= 25
 steps= 30
 steps= 30
 steps= 30
 steps= 118
 steps= 118
 steps= 118
 steps= 30
 steps= 118
 steps= 56
 steps= 118
 steps= 118
 steps= 118
 steps= 118
 steps= 56
 steps= 56
 steps= 25
 steps= 74
 steps= 74
 steps= 74
 steps= 25
 steps= 25
 steps= 118
 steps= 118
 steps= 17
 steps= 56
 steps= 17
 steps= 69
 steps= 17
 steps= 17
 steps= 43
 steps= 43
 steps= 25
 steps= 131
 steps= 38
 steps= 38
 steps= 38
 steps= 38
 steps= 38
 steps= 69
 steps= 25
 steps= 131
 steps= 25
 steps= 131
 steps= 87
 steps= 87
 steps= 87
 steps= 131
 steps= 38
 steps= 25
 steps= 131
 steps= 131
 steps= 38
 steps= 38
 steps= 38
 steps= 38
 steps= 38
 steps= 30
 steps= 38
 steps= 30
 steps= 56
 steps= 56
 steps= 56
 steps= 131
 steps= 12
 steps= 51
 steps= 25
 steps= 25
 steps= 100
 steps= 100
 steps= 100
 steps= 38
 steps= 25
 steps= 144
 steps= 25
 steps= 100
 steps= 25
 steps= 25
 steps= 144
 steps= 144
 steps= 113
 steps= 51
 steps= 51
 steps= 51
 steps= 113
 steps= 113
 steps= 25
 steps= 25
 steps= 113
 steps= 51
 steps= 113
 steps= 144
 steps= 69
 steps= 69
 steps= 69
 steps= 95
 steps= 12
 steps= 64
 steps= 113
 steps= 113
 steps= 51
 steps= 51
 steps= 51
 steps= 64
 steps= 12
 steps= 64
 steps= 12
 steps= 38
 steps= 126
 steps= 126
 steps= 126
 steps= 38
 steps= 33
 steps= 126
 steps= 126
 steps= 126
 steps= 33
 steps= 33
 steps= 126
 steps= 126
 steps= 33
 steps= 126
 steps= 33
 steps= 64
 steps= 82
 steps= 82
 steps= 82
 steps= 170
 steps= 20
 steps= 33
 steps= 126
 steps= 126
 steps= 33
 steps= 33
 steps= 33
 steps= 64
 steps= 33
 steps= 25
 steps= 33
 steps= 25
 steps= 33
 steps= 33
 steps= 51
 steps= 51
 steps= 20
 steps= 46
 steps= 46
 steps= 46
 steps= 20
 steps= 20
 steps= 46
 steps= 46
 steps= 95
 steps= 33
 steps= 95
 steps= 139
 steps= 95
 steps= 95
 steps= 46
 steps= 46
 steps= 20
 steps= 139
 steps= 20
 steps= 20
 steps= 46
 steps= 46
 steps= 46
 steps= 95
 steps= 20
 steps= 90
 steps= 20
 steps= 46
 steps= 46
 steps= 46
 steps= 46
 steps= 139
 steps= 108
 steps= 20
 steps= 64
 steps= 64
 steps= 108
 steps= 108
 steps= 59
 steps= 59
 steps= 108
 steps= 33
 steps= 108
 steps= 152
 steps= 46
 steps= 46
 steps= 46
 steps= 59
 steps= 15
 steps= 33
 steps= 33
 steps= 33
 steps= 121
 steps= 121
 steps= 121
 steps= 152
 steps= 121
 steps= 33
 steps= 121
 steps= 59
 steps= 121
 steps= 121
 steps= 121
 steps= 121
 steps= 28
 steps= 121
 steps= 59
 steps= 59
 steps= 28
 steps= 28
 steps= 77
 steps= 77
 steps= 28
 steps= 77
 steps= 28
 steps= 103
 steps= 121
 steps= 121
 steps= 121
 steps= 72
 steps= 28
 steps= 59
 steps= 20
 steps= 20
 steps= 20
 steps= 20
 steps= 20
 steps= 72
 steps= 28
 steps= 46
 steps= 28
 steps= 134
 steps= 41
 steps= 41
 steps= 41
 steps= 134
 steps= 28
 steps= 41
 steps= 41
 steps= 41
 steps= 28
 steps= 28
 steps= 134
 steps= 134
 steps= 90
 steps= 134
 steps= 90
 steps= 41
 steps= 90
 steps= 90
 steps= 134
 steps= 134
 steps= 15
 steps= 28
 steps= 134
 steps= 134
 steps= 41
 steps= 41
 steps= 41
 steps= 85
 steps= 41
 steps= 41
 steps= 41
 steps= 41
 steps= 41
 steps= 41
 steps= 33
 steps= 33
 steps= 15
 steps= 59
 steps= 59
 steps= 59
 steps= 15
 steps= 15
 steps= 54
 steps= 54
 steps= 103
 steps= 28
 steps= 103
 steps= 147
 steps= 103
 steps= 103
 steps= 41
 steps= 41
 steps= 116
 steps= 147
 steps= 28
 steps= 28
 steps= 28
 steps= 28
 steps= 28
 steps= 178
 steps= 116
 steps= 147
 steps= 116
 steps= 28
 steps= 54
 steps= 54
 steps= 54
 steps= 147
 steps= 116
 steps= 116
 steps= 28
 steps= 28
 steps= 116
 steps= 116
 steps= 54
 steps= 54
 steps= 72
 steps= 147
 steps= 72
 steps= 46
 steps= 72
 steps= 72
 steps= 98
 steps= 98
 steps= 23
 steps= 67
 steps= 116
 steps= 116
 steps= 54
 steps= 54
 steps= 54
 steps= 116
 steps= 15
 steps= 67
 steps= 15
 steps= 54
 steps= 15
 steps= 15
 steps= 41
 steps= 41
 steps= 36
 steps= 129
 steps= 129
 steps= 129
 steps= 36
 steps= 36
 steps= 129
 steps= 129
 steps= 36
 steps= 129
 steps= 36
 steps= 67
 steps= 129
 steps= 129
 steps= 129
 steps= 116
 steps= 23
 steps= 129
 steps= 36
 steps= 36
 steps= 85
 steps= 85
 steps= 85
 steps= 129
 steps= 23
 steps= 173
 steps= 23
 steps= 85
 steps= 129
 steps= 129
 steps= 129
 steps= 36
 steps= 36
 steps= 36
 steps= 36
 steps= 36
 steps= 36
 steps= 36
 steps= 28
 steps= 28
 steps= 36
 steps= 28
 steps= 36
 steps= 28
 steps= 54
 steps= 54
 steps= 54
 steps= 129
 steps= 23
 steps= 49
 steps= 49
 steps= 49
 steps= 23
 steps= 23
 steps= 23
 steps= 142
 steps= 98
 steps= 49
 steps= 98
 steps= 36
 steps= 98
 steps= 98
 steps= 142
 steps= 142
 steps= 23
 steps= 98
 steps= 49
 steps= 49
 steps= 23
 steps= 23
 steps= 142
 steps= 142
 steps= 49
 steps= 23
 steps= 49
 steps= 36
 steps= 49
 steps= 49
 steps= 98
 steps= 98
 steps= 111
 steps= 93
 steps= 23
 steps= 23
 steps= 49
 steps= 49
 steps= 49
 steps= 49
 steps= 111
